<?xml version="1.0" encoding="UTF-8"?>
<testsuite xmlns:xsi="http://www.w3.org/2001/XMLSchema-instance" xsi:noNamespaceSchemaLocation="https://maven.apache.org/surefire/maven-surefire-plugin/xsd/surefire-test-report.xsd" name="com.example.CarrinhoDeCompras_ESTest" time="0.191" tests="13" errors="0" skipped="0" failures="0">
  <properties>
    <property name="sun.desktop" value="gnome"/>
    <property name="awt.toolkit" value="sun.awt.X11.XToolkit"/>
    <property name="file.encoding.pkg" value="sun.io"/>
    <property name="java.specification.version" value="1.8"/>
    <property name="sun.cpu.isalist" value=""/>
    <property name="sun.jnu.encoding" value="UTF-8"/>
    <property name="java.class.path" value="/home/deyvid/projects/ufrn/java/wendy/demo/target/test-classes:/home/deyvid/projects/ufrn/java/wendy/demo/target/classes:/home/deyvid/.m2/repository/junit/junit/4.13.1/junit-4.13.1.jar:/home/deyvid/.m2/repository/org/hamcrest/hamcrest-core/1.3/hamcrest-core-1.3.jar:/home/deyvid/.m2/repository/org/projectlombok/lombok/1.18.34/lombok-1.18.34.jar:/home/deyvid/.m2/repository/org/evosuite/evosuite-standalone-runtime/1.0.6/evosuite-standalone-runtime-1.0.6.jar:"/>
    <property name="java.vm.vendor" value="Temurin"/>
    <property name="sun.arch.data.model" value="64"/>
    <property name="java.vendor.url" value="https://adoptium.net/"/>
    <property name="user.timezone" value=""/>
    <property name="java.vm.specification.version" value="1.8"/>
    <property name="os.name" value="Linux"/>
    <property name="user.country" value="BR"/>
    <property name="sun.java.launcher" value="SUN_STANDARD"/>
    <property name="sun.boot.library.path" value="/home/deyvid/.sdkman/candidates/java/8.0.422-tem/jre/lib/amd64"/>
    <property name="sun.java.command" value="/home/deyvid/projects/ufrn/java/wendy/demo/target/surefire/surefirebooter8590965617020766341.jar /home/deyvid/projects/ufrn/java/wendy/demo/target/surefire 2024-10-12T16-46-14_319-jvmRun1 surefire4149927661819906850tmp surefire_08471458346750976178tmp"/>
    <property name="surefire.test.class.path" value="/home/deyvid/projects/ufrn/java/wendy/demo/target/test-classes:/home/deyvid/projects/ufrn/java/wendy/demo/target/classes:/home/deyvid/.m2/repository/junit/junit/4.13.1/junit-4.13.1.jar:/home/deyvid/.m2/repository/org/hamcrest/hamcrest-core/1.3/hamcrest-core-1.3.jar:/home/deyvid/.m2/repository/org/projectlombok/lombok/1.18.34/lombok-1.18.34.jar:/home/deyvid/.m2/repository/org/evosuite/evosuite-standalone-runtime/1.0.6/evosuite-standalone-runtime-1.0.6.jar:"/>
    <property name="sun.cpu.endian" value="little"/>
    <property name="user.home" value="/home/deyvid"/>
    <property name="user.language" value="pt"/>
    <property name="java.specification.vendor" value="Oracle Corporation"/>
    <property name="java.home" value="/home/deyvid/.sdkman/candidates/java/8.0.422-tem/jre"/>
    <property name="basedir" value="/home/deyvid/projects/ufrn/java/wendy/demo"/>
    <property name="file.separator" value="/"/>
    <property name="line.separator" value="&#10;"/>
    <property name="java.vm.specification.vendor" value="Oracle Corporation"/>
    <property name="java.specification.name" value="Java Platform API Specification"/>
    <property name="java.awt.graphicsenv" value="sun.awt.X11GraphicsEnvironment"/>
    <property name="surefire.real.class.path" value="/home/deyvid/projects/ufrn/java/wendy/demo/target/surefire/surefirebooter8590965617020766341.jar"/>
    <property name="sun.boot.class.path" value="/home/deyvid/.sdkman/candidates/java/8.0.422-tem/jre/lib/resources.jar:/home/deyvid/.sdkman/candidates/java/8.0.422-tem/jre/lib/rt.jar:/home/deyvid/.sdkman/candidates/java/8.0.422-tem/jre/lib/sunrsasign.jar:/home/deyvid/.sdkman/candidates/java/8.0.422-tem/jre/lib/jsse.jar:/home/deyvid/.sdkman/candidates/java/8.0.422-tem/jre/lib/jce.jar:/home/deyvid/.sdkman/candidates/java/8.0.422-tem/jre/lib/charsets.jar:/home/deyvid/.sdkman/candidates/java/8.0.422-tem/jre/lib/jfr.jar:/home/deyvid/.sdkman/candidates/java/8.0.422-tem/jre/classes"/>
    <property name="sun.management.compiler" value="HotSpot 64-Bit Tiered Compilers"/>
    <property name="java.runtime.version" value="1.8.0_422-b05"/>
    <property name="user.name" value="deyvid"/>
    <property name="path.separator" value=":"/>
    <property name="os.version" value="6.8.0-36-generic"/>
    <property name="java.endorsed.dirs" value="/home/deyvid/.sdkman/candidates/java/8.0.422-tem/jre/lib/endorsed"/>
    <property name="java.runtime.name" value="OpenJDK Runtime Environment"/>
    <property name="file.encoding" value="UTF-8"/>
    <property name="java.vm.name" value="OpenJDK 64-Bit Server VM"/>
    <property name="localRepository" value="/home/deyvid/.m2/repository"/>
    <property name="java.vendor.url.bug" value="https://github.com/adoptium/adoptium-support/issues"/>
    <property name="java.io.tmpdir" value="/tmp"/>
    <property name="java.version" value="1.8.0_422"/>
    <property name="user.dir" value="/home/deyvid/projects/ufrn/java/wendy/demo"/>
    <property name="os.arch" value="amd64"/>
    <property name="java.vm.specification.name" value="Java Virtual Machine Specification"/>
    <property name="java.awt.printerjob" value="sun.print.PSPrinterJob"/>
    <property name="sun.os.patch.level" value="unknown"/>
    <property name="java.library.path" value="/usr/java/packages/lib/amd64:/usr/lib64:/lib64:/lib:/usr/lib"/>
    <property name="java.vm.info" value="mixed mode"/>
    <property name="java.vendor" value="Temurin"/>
    <property name="java.vm.version" value="25.422-b05"/>
    <property name="java.specification.maintenance.version" value="5"/>
    <property name="java.ext.dirs" value="/home/deyvid/.sdkman/candidates/java/8.0.422-tem/jre/lib/ext:/usr/java/packages/lib/ext"/>
    <property name="sun.io.unicode.encoding" value="UnicodeLittle"/>
    <property name="java.class.version" value="52.0"/>
  </properties>
  <testcase name="test10" classname="com.example.CarrinhoDeCompras_ESTest" time="0.005"/>
  <testcase name="test01" classname="com.example.CarrinhoDeCompras_ESTest" time="0.002"/>
  <testcase name="test12" classname="com.example.CarrinhoDeCompras_ESTest" time="0"/>
  <testcase name="test00" classname="com.example.CarrinhoDeCompras_ESTest" time="0.001"/>
  <testcase name="test11" classname="com.example.CarrinhoDeCompras_ESTest" time="0.001"/>
  <testcase name="test03" classname="com.example.CarrinhoDeCompras_ESTest" time="0.001"/>
  <testcase name="test02" classname="com.example.CarrinhoDeCompras_ESTest" time="0"/>
  <testcase name="test05" classname="com.example.CarrinhoDeCompras_ESTest" time="0.001"/>
  <testcase name="test04" classname="com.example.CarrinhoDeCompras_ESTest" time="0.001"/>
  <testcase name="test07" classname="com.example.CarrinhoDeCompras_ESTest" time="0.001"/>
  <testcase name="test06" classname="com.example.CarrinhoDeCompras_ESTest" time="0"/>
  <testcase name="test09" classname="com.example.CarrinhoDeCompras_ESTest" time="0.001"/>
  <testcase name="test08" classname="com.example.CarrinhoDeCompras_ESTest" time="0.001"/>
</testsuite>